INFO - 2024-11-21 04:44:14 --> Session: Class initialized using 'CodeIgniter\Session\Handlers\FileHandler' driver.
INFO - 2024-11-21 04:44:28 --> Session: Class initialized using 'CodeIgniter\Session\Handlers\FileHandler' driver.
INFO - 2024-11-21 04:44:57 --> Session: Class initialized using 'CodeIgniter\Session\Handlers\FileHandler' driver.
INFO - 2024-11-21 04:45:09 --> Session: Class initialized using 'CodeIgniter\Session\Handlers\FileHandler' driver.
INFO - 2024-11-21 04:45:09 --> Session: Class initialized using 'CodeIgniter\Session\Handlers\FileHandler' driver.
INFO - 2024-11-21 04:45:24 --> Session: Class initialized using 'CodeIgniter\Session\Handlers\FileHandler' driver.
INFO - 2024-11-21 04:45:35 --> Session: Class initialized using 'CodeIgniter\Session\Handlers\FileHandler' driver.
INFO - 2024-11-21 04:45:35 --> Session: Class initialized using 'CodeIgniter\Session\Handlers\FileHandler' driver.
INFO - 2024-11-21 04:48:31 --> Session: Class initialized using 'CodeIgniter\Session\Handlers\FileHandler' driver.
CRITICAL - 2024-11-21 04:57:18 --> ErrorException: Undefined variable $data
[Method: GET, Route: dbadmin]
in APPPATH\Views\admin\halamanAdmin.php on line 180.
 1 APPPATH\Views\admin\halamanAdmin.php(180): CodeIgniter\Debug\Exceptions->errorHandler(2, 'Undefined variable $data', 'C:\\xampp\\htdocs\\POLMED\\Semester5\\rena\\umkm-sepatu\\app\\Views\\admin\\halamanAdmin.php', 180)
 2 SYSTEMPATH\View\View.php(234): include('C:\\xampp\\htdocs\\POLMED\\Semester5\\rena\\umkm-sepatu\\app\\Views\\admin\\halamanAdmin.php')
 3 SYSTEMPATH\View\View.php(237): CodeIgniter\View\View->CodeIgniter\View\{closure}()
 4 SYSTEMPATH\Common.php(1171): CodeIgniter\View\View->render('admin/halamanAdmin', [], true)
 5 APPPATH\Controllers\Barang.php(38): view('admin/halamanAdmin', [...])
 6 SYSTEMPATH\CodeIgniter.php(933): App\Controllers\Barang->halamanAdmin()
 7 SYSTEMPATH\CodeIgniter.php(509): CodeIgniter\CodeIgniter->runController(Object(App\Controllers\Barang))
 8 SYSTEMPATH\CodeIgniter.php(355): CodeIgniter\CodeIgniter->handleRequest(null, Object(Config\Cache), false)
 9 SYSTEMPATH\Boot.php(325): CodeIgniter\CodeIgniter->run()
10 SYSTEMPATH\Boot.php(67): CodeIgniter\Boot::runCodeIgniter(Object(CodeIgniter\CodeIgniter))
11 FCPATH\index.php(56): CodeIgniter\Boot::bootWeb(Object(Config\Paths))
12 SYSTEMPATH\rewrite.php(44): require_once('C:\\xampp\\htdocs\\POLMED\\Semester5\\rena\\umkm-sepatu\\public\\index.php')
CRITICAL - 2024-11-21 04:57:29 --> ErrorException: Undefined variable $data
[Method: GET, Route: dbadmin]
in APPPATH\Views\admin\halamanAdmin.php on line 180.
 1 APPPATH\Views\admin\halamanAdmin.php(180): CodeIgniter\Debug\Exceptions->errorHandler(2, 'Undefined variable $data', 'C:\\xampp\\htdocs\\POLMED\\Semester5\\rena\\umkm-sepatu\\app\\Views\\admin\\halamanAdmin.php', 180)
 2 SYSTEMPATH\View\View.php(234): include('C:\\xampp\\htdocs\\POLMED\\Semester5\\rena\\umkm-sepatu\\app\\Views\\admin\\halamanAdmin.php')
 3 SYSTEMPATH\View\View.php(237): CodeIgniter\View\View->CodeIgniter\View\{closure}()
 4 SYSTEMPATH\Common.php(1171): CodeIgniter\View\View->render('admin/halamanAdmin', [], true)
 5 APPPATH\Controllers\Barang.php(38): view('admin/halamanAdmin', [...])
 6 SYSTEMPATH\CodeIgniter.php(933): App\Controllers\Barang->halamanAdmin()
 7 SYSTEMPATH\CodeIgniter.php(509): CodeIgniter\CodeIgniter->runController(Object(App\Controllers\Barang))
 8 SYSTEMPATH\CodeIgniter.php(355): CodeIgniter\CodeIgniter->handleRequest(null, Object(Config\Cache), false)
 9 SYSTEMPATH\Boot.php(325): CodeIgniter\CodeIgniter->run()
10 SYSTEMPATH\Boot.php(67): CodeIgniter\Boot::runCodeIgniter(Object(CodeIgniter\CodeIgniter))
11 FCPATH\index.php(56): CodeIgniter\Boot::bootWeb(Object(Config\Paths))
12 SYSTEMPATH\rewrite.php(44): require_once('C:\\xampp\\htdocs\\POLMED\\Semester5\\rena\\umkm-sepatu\\public\\index.php')
CRITICAL - 2024-11-21 04:58:23 --> ErrorException: Undefined variable $data
[Method: GET, Route: dbadmin]
in APPPATH\Views\admin\halamanAdmin.php on line 180.
 1 APPPATH\Views\admin\halamanAdmin.php(180): CodeIgniter\Debug\Exceptions->errorHandler(2, 'Undefined variable $data', 'C:\\xampp\\htdocs\\POLMED\\Semester5\\rena\\umkm-sepatu\\app\\Views\\admin\\halamanAdmin.php', 180)
 2 SYSTEMPATH\View\View.php(234): include('C:\\xampp\\htdocs\\POLMED\\Semester5\\rena\\umkm-sepatu\\app\\Views\\admin\\halamanAdmin.php')
 3 SYSTEMPATH\View\View.php(237): CodeIgniter\View\View->CodeIgniter\View\{closure}()
 4 SYSTEMPATH\Common.php(1171): CodeIgniter\View\View->render('admin/halamanAdmin', [], true)
 5 APPPATH\Controllers\Barang.php(39): view('admin/halamanAdmin', [...])
 6 SYSTEMPATH\CodeIgniter.php(933): App\Controllers\Barang->halamanAdmin()
 7 SYSTEMPATH\CodeIgniter.php(509): CodeIgniter\CodeIgniter->runController(Object(App\Controllers\Barang))
 8 SYSTEMPATH\CodeIgniter.php(355): CodeIgniter\CodeIgniter->handleRequest(null, Object(Config\Cache), false)
 9 SYSTEMPATH\Boot.php(325): CodeIgniter\CodeIgniter->run()
10 SYSTEMPATH\Boot.php(67): CodeIgniter\Boot::runCodeIgniter(Object(CodeIgniter\CodeIgniter))
11 FCPATH\index.php(56): CodeIgniter\Boot::bootWeb(Object(Config\Paths))
12 SYSTEMPATH\rewrite.php(44): require_once('C:\\xampp\\htdocs\\POLMED\\Semester5\\rena\\umkm-sepatu\\public\\index.php')
CRITICAL - 2024-11-21 05:00:51 --> ErrorException: Undefined array key "kode_brg"
[Method: GET, Route: dbadmin]
in APPPATH\Views\admin\halamanAdmin.php on line 180.
 1 APPPATH\Views\admin\halamanAdmin.php(180): CodeIgniter\Debug\Exceptions->errorHandler(2, 'Undefined array key "kode_brg"', 'C:\\xampp\\htdocs\\POLMED\\Semester5\\rena\\umkm-sepatu\\app\\Views\\admin\\halamanAdmin.php', 180)
 2 SYSTEMPATH\View\View.php(234): include('C:\\xampp\\htdocs\\POLMED\\Semester5\\rena\\umkm-sepatu\\app\\Views\\admin\\halamanAdmin.php')
 3 SYSTEMPATH\View\View.php(237): CodeIgniter\View\View->CodeIgniter\View\{closure}()
 4 SYSTEMPATH\Common.php(1171): CodeIgniter\View\View->render('admin/halamanAdmin', [], true)
 5 APPPATH\Controllers\Barang.php(39): view('admin/halamanAdmin', [...])
 6 SYSTEMPATH\CodeIgniter.php(933): App\Controllers\Barang->halamanAdmin()
 7 SYSTEMPATH\CodeIgniter.php(509): CodeIgniter\CodeIgniter->runController(Object(App\Controllers\Barang))
 8 SYSTEMPATH\CodeIgniter.php(355): CodeIgniter\CodeIgniter->handleRequest(null, Object(Config\Cache), false)
 9 SYSTEMPATH\Boot.php(325): CodeIgniter\CodeIgniter->run()
10 SYSTEMPATH\Boot.php(67): CodeIgniter\Boot::runCodeIgniter(Object(CodeIgniter\CodeIgniter))
11 FCPATH\index.php(56): CodeIgniter\Boot::bootWeb(Object(Config\Paths))
12 SYSTEMPATH\rewrite.php(44): require_once('C:\\xampp\\htdocs\\POLMED\\Semester5\\rena\\umkm-sepatu\\public\\index.php')
CRITICAL - 2024-11-21 05:01:45 --> ErrorException: Undefined array key "kode_brg"
[Method: GET, Route: dbadmin]
in APPPATH\Views\admin\halamanAdmin.php on line 180.
 1 APPPATH\Views\admin\halamanAdmin.php(180): CodeIgniter\Debug\Exceptions->errorHandler(2, 'Undefined array key "kode_brg"', 'C:\\xampp\\htdocs\\POLMED\\Semester5\\rena\\umkm-sepatu\\app\\Views\\admin\\halamanAdmin.php', 180)
 2 SYSTEMPATH\View\View.php(234): include('C:\\xampp\\htdocs\\POLMED\\Semester5\\rena\\umkm-sepatu\\app\\Views\\admin\\halamanAdmin.php')
 3 SYSTEMPATH\View\View.php(237): CodeIgniter\View\View->CodeIgniter\View\{closure}()
 4 SYSTEMPATH\Common.php(1171): CodeIgniter\View\View->render('admin/halamanAdmin', [], true)
 5 APPPATH\Controllers\Barang.php(40): view('admin/halamanAdmin', [...])
 6 SYSTEMPATH\CodeIgniter.php(933): App\Controllers\Barang->halamanAdmin()
 7 SYSTEMPATH\CodeIgniter.php(509): CodeIgniter\CodeIgniter->runController(Object(App\Controllers\Barang))
 8 SYSTEMPATH\CodeIgniter.php(355): CodeIgniter\CodeIgniter->handleRequest(null, Object(Config\Cache), false)
 9 SYSTEMPATH\Boot.php(325): CodeIgniter\CodeIgniter->run()
10 SYSTEMPATH\Boot.php(67): CodeIgniter\Boot::runCodeIgniter(Object(CodeIgniter\CodeIgniter))
11 FCPATH\index.php(56): CodeIgniter\Boot::bootWeb(Object(Config\Paths))
12 SYSTEMPATH\rewrite.php(44): require_once('C:\\xampp\\htdocs\\POLMED\\Semester5\\rena\\umkm-sepatu\\public\\index.php')
CRITICAL - 2024-11-21 05:01:47 --> ErrorException: Undefined array key "kode_brg"
[Method: GET, Route: dbadmin]
in APPPATH\Views\admin\halamanAdmin.php on line 180.
 1 APPPATH\Views\admin\halamanAdmin.php(180): CodeIgniter\Debug\Exceptions->errorHandler(2, 'Undefined array key "kode_brg"', 'C:\\xampp\\htdocs\\POLMED\\Semester5\\rena\\umkm-sepatu\\app\\Views\\admin\\halamanAdmin.php', 180)
 2 SYSTEMPATH\View\View.php(234): include('C:\\xampp\\htdocs\\POLMED\\Semester5\\rena\\umkm-sepatu\\app\\Views\\admin\\halamanAdmin.php')
 3 SYSTEMPATH\View\View.php(237): CodeIgniter\View\View->CodeIgniter\View\{closure}()
 4 SYSTEMPATH\Common.php(1171): CodeIgniter\View\View->render('admin/halamanAdmin', [], true)
 5 APPPATH\Controllers\Barang.php(40): view('admin/halamanAdmin', [...])
 6 SYSTEMPATH\CodeIgniter.php(933): App\Controllers\Barang->halamanAdmin()
 7 SYSTEMPATH\CodeIgniter.php(509): CodeIgniter\CodeIgniter->runController(Object(App\Controllers\Barang))
 8 SYSTEMPATH\CodeIgniter.php(355): CodeIgniter\CodeIgniter->handleRequest(null, Object(Config\Cache), false)
 9 SYSTEMPATH\Boot.php(325): CodeIgniter\CodeIgniter->run()
10 SYSTEMPATH\Boot.php(67): CodeIgniter\Boot::runCodeIgniter(Object(CodeIgniter\CodeIgniter))
11 FCPATH\index.php(56): CodeIgniter\Boot::bootWeb(Object(Config\Paths))
12 SYSTEMPATH\rewrite.php(44): require_once('C:\\xampp\\htdocs\\POLMED\\Semester5\\rena\\umkm-sepatu\\public\\index.php')
INFO - 2024-11-21 05:17:43 --> Session: Class initialized using 'CodeIgniter\Session\Handlers\FileHandler' driver.
INFO - 2024-11-21 05:18:00 --> Session: Class initialized using 'CodeIgniter\Session\Handlers\FileHandler' driver.
INFO - 2024-11-21 05:18:07 --> Session: Class initialized using 'CodeIgniter\Session\Handlers\FileHandler' driver.
INFO - 2024-11-21 12:06:12 --> Session: Class initialized using 'CodeIgniter\Session\Handlers\FileHandler' driver.
INFO - 2024-11-21 12:06:22 --> Session: Class initialized using 'CodeIgniter\Session\Handlers\FileHandler' driver.
INFO - 2024-11-21 12:06:30 --> Session: Class initialized using 'CodeIgniter\Session\Handlers\FileHandler' driver.
INFO - 2024-11-21 12:06:35 --> Session: Class initialized using 'CodeIgniter\Session\Handlers\FileHandler' driver.
INFO - 2024-11-21 12:08:14 --> Session: Class initialized using 'CodeIgniter\Session\Handlers\FileHandler' driver.
INFO - 2024-11-21 12:08:24 --> Session: Class initialized using 'CodeIgniter\Session\Handlers\FileHandler' driver.
INFO - 2024-11-21 12:22:45 --> Session: Class initialized using 'CodeIgniter\Session\Handlers\FileHandler' driver.
INFO - 2024-11-21 12:23:02 --> Session: Class initialized using 'CodeIgniter\Session\Handlers\FileHandler' driver.
INFO - 2024-11-21 12:23:02 --> Session: Class initialized using 'CodeIgniter\Session\Handlers\FileHandler' driver.
INFO - 2024-11-21 12:23:35 --> Session: Class initialized using 'CodeIgniter\Session\Handlers\FileHandler' driver.
INFO - 2024-11-21 12:23:50 --> Session: Class initialized using 'CodeIgniter\Session\Handlers\FileHandler' driver.
INFO - 2024-11-21 12:23:52 --> Session: Class initialized using 'CodeIgniter\Session\Handlers\FileHandler' driver.
INFO - 2024-11-21 12:24:00 --> Session: Class initialized using 'CodeIgniter\Session\Handlers\FileHandler' driver.
INFO - 2024-11-21 12:24:12 --> Session: Class initialized using 'CodeIgniter\Session\Handlers\FileHandler' driver.
INFO - 2024-11-21 12:24:18 --> Session: Class initialized using 'CodeIgniter\Session\Handlers\FileHandler' driver.
INFO - 2024-11-21 12:24:21 --> Session: Class initialized using 'CodeIgniter\Session\Handlers\FileHandler' driver.
INFO - 2024-11-21 12:25:26 --> Session: Class initialized using 'CodeIgniter\Session\Handlers\FileHandler' driver.
INFO - 2024-11-21 12:25:26 --> Session: Class initialized using 'CodeIgniter\Session\Handlers\FileHandler' driver.
INFO - 2024-11-21 12:25:31 --> Session: Class initialized using 'CodeIgniter\Session\Handlers\FileHandler' driver.
INFO - 2024-11-21 12:25:31 --> Session: Class initialized using 'CodeIgniter\Session\Handlers\FileHandler' driver.
INFO - 2024-11-21 12:25:46 --> Session: Class initialized using 'CodeIgniter\Session\Handlers\FileHandler' driver.
INFO - 2024-11-21 12:25:46 --> Session: Class initialized using 'CodeIgniter\Session\Handlers\FileHandler' driver.
INFO - 2024-11-21 12:52:30 --> Session: Class initialized using 'CodeIgniter\Session\Handlers\FileHandler' driver.
CRITICAL - 2024-11-21 12:55:57 --> ErrorException: Undefined variable $barang
[Method: GET, Route: beranda]
in APPPATH\Views\user\halamanUser.php on line 139.
 1 APPPATH\Views\user\halamanUser.php(139): CodeIgniter\Debug\Exceptions->errorHandler(2, 'Undefined variable $barang', 'C:\\xampp\\htdocs\\sepatuu\\umkm-sepatu\\umkm-sepatu\\app\\Views\\user\\halamanUser.php', 139)
 2 SYSTEMPATH\View\View.php(234): include('C:\\xampp\\htdocs\\sepatuu\\umkm-sepatu\\umkm-sepatu\\app\\Views\\user\\halamanUser.php')
 3 SYSTEMPATH\View\View.php(237): CodeIgniter\View\View->CodeIgniter\View\{closure}()
 4 SYSTEMPATH\Common.php(1171): CodeIgniter\View\View->render('user/halamanUser', [], true)
 5 APPPATH\Controllers\Home.php(9): view('user/halamanUser')
 6 SYSTEMPATH\CodeIgniter.php(933): App\Controllers\Home->index()
 7 SYSTEMPATH\CodeIgniter.php(509): CodeIgniter\CodeIgniter->runController(Object(App\Controllers\Home))
 8 SYSTEMPATH\CodeIgniter.php(355): CodeIgniter\CodeIgniter->handleRequest(null, Object(Config\Cache), false)
 9 SYSTEMPATH\Boot.php(325): CodeIgniter\CodeIgniter->run()
10 SYSTEMPATH\Boot.php(67): CodeIgniter\Boot::runCodeIgniter(Object(CodeIgniter\CodeIgniter))
11 FCPATH\index.php(56): CodeIgniter\Boot::bootWeb(Object(Config\Paths))
12 SYSTEMPATH\rewrite.php(44): require_once('C:\\xampp\\htdocs\\sepatuu\\umkm-sepatu\\umkm-sepatu\\public\\index.php')
INFO - 2024-11-21 12:57:29 --> Session: Class initialized using 'CodeIgniter\Session\Handlers\FileHandler' driver.
INFO - 2024-11-21 12:57:33 --> Session: Class initialized using 'CodeIgniter\Session\Handlers\FileHandler' driver.
INFO - 2024-11-21 12:57:36 --> Session: Class initialized using 'CodeIgniter\Session\Handlers\FileHandler' driver.
CRITICAL - 2024-11-21 13:10:17 --> ErrorException: Undefined variable $barang
[Method: GET, Route: beranda]
in APPPATH\Views\user\halamanUser.php on line 67.
 1 APPPATH\Views\user\halamanUser.php(67): CodeIgniter\Debug\Exceptions->errorHandler(2, 'Undefined variable $barang', 'C:\\xampp\\htdocs\\sepatuu\\umkm-sepatu\\umkm-sepatu\\app\\Views\\user\\halamanUser.php', 67)
 2 SYSTEMPATH\View\View.php(234): include('C:\\xampp\\htdocs\\sepatuu\\umkm-sepatu\\umkm-sepatu\\app\\Views\\user\\halamanUser.php')
 3 SYSTEMPATH\View\View.php(237): CodeIgniter\View\View->CodeIgniter\View\{closure}()
 4 SYSTEMPATH\Common.php(1171): CodeIgniter\View\View->render('user/halamanUser', [], true)
 5 APPPATH\Controllers\Home.php(9): view('user/halamanUser')
 6 SYSTEMPATH\CodeIgniter.php(933): App\Controllers\Home->index()
 7 SYSTEMPATH\CodeIgniter.php(509): CodeIgniter\CodeIgniter->runController(Object(App\Controllers\Home))
 8 SYSTEMPATH\CodeIgniter.php(355): CodeIgniter\CodeIgniter->handleRequest(null, Object(Config\Cache), false)
 9 SYSTEMPATH\Boot.php(325): CodeIgniter\CodeIgniter->run()
10 SYSTEMPATH\Boot.php(67): CodeIgniter\Boot::runCodeIgniter(Object(CodeIgniter\CodeIgniter))
11 FCPATH\index.php(56): CodeIgniter\Boot::bootWeb(Object(Config\Paths))
12 SYSTEMPATH\rewrite.php(44): require_once('C:\\xampp\\htdocs\\sepatuu\\umkm-sepatu\\umkm-sepatu\\public\\index.php')
CRITICAL - 2024-11-21 13:12:13 --> ErrorException: Undefined variable $barang
[Method: GET, Route: beranda]
in APPPATH\Views\user\halamanUser.php on line 67.
 1 APPPATH\Views\user\halamanUser.php(67): CodeIgniter\Debug\Exceptions->errorHandler(2, 'Undefined variable $barang', 'C:\\xampp\\htdocs\\sepatuu\\umkm-sepatu\\umkm-sepatu\\app\\Views\\user\\halamanUser.php', 67)
 2 SYSTEMPATH\View\View.php(234): include('C:\\xampp\\htdocs\\sepatuu\\umkm-sepatu\\umkm-sepatu\\app\\Views\\user\\halamanUser.php')
 3 SYSTEMPATH\View\View.php(237): CodeIgniter\View\View->CodeIgniter\View\{closure}()
 4 SYSTEMPATH\Common.php(1171): CodeIgniter\View\View->render('user/halamanUser', [], true)
 5 APPPATH\Controllers\Home.php(9): view('user/halamanUser')
 6 SYSTEMPATH\CodeIgniter.php(933): App\Controllers\Home->index()
 7 SYSTEMPATH\CodeIgniter.php(509): CodeIgniter\CodeIgniter->runController(Object(App\Controllers\Home))
 8 SYSTEMPATH\CodeIgniter.php(355): CodeIgniter\CodeIgniter->handleRequest(null, Object(Config\Cache), false)
 9 SYSTEMPATH\Boot.php(325): CodeIgniter\CodeIgniter->run()
10 SYSTEMPATH\Boot.php(67): CodeIgniter\Boot::runCodeIgniter(Object(CodeIgniter\CodeIgniter))
11 FCPATH\index.php(56): CodeIgniter\Boot::bootWeb(Object(Config\Paths))
12 SYSTEMPATH\rewrite.php(44): require_once('C:\\xampp\\htdocs\\sepatuu\\umkm-sepatu\\umkm-sepatu\\public\\index.php')
CRITICAL - 2024-11-21 13:12:16 --> ErrorException: Undefined variable $barang
[Method: GET, Route: beranda]
in APPPATH\Views\user\halamanUser.php on line 67.
 1 APPPATH\Views\user\halamanUser.php(67): CodeIgniter\Debug\Exceptions->errorHandler(2, 'Undefined variable $barang', 'C:\\xampp\\htdocs\\sepatuu\\umkm-sepatu\\umkm-sepatu\\app\\Views\\user\\halamanUser.php', 67)
 2 SYSTEMPATH\View\View.php(234): include('C:\\xampp\\htdocs\\sepatuu\\umkm-sepatu\\umkm-sepatu\\app\\Views\\user\\halamanUser.php')
 3 SYSTEMPATH\View\View.php(237): CodeIgniter\View\View->CodeIgniter\View\{closure}()
 4 SYSTEMPATH\Common.php(1171): CodeIgniter\View\View->render('user/halamanUser', [], true)
 5 APPPATH\Controllers\Home.php(9): view('user/halamanUser')
 6 SYSTEMPATH\CodeIgniter.php(933): App\Controllers\Home->index()
 7 SYSTEMPATH\CodeIgniter.php(509): CodeIgniter\CodeIgniter->runController(Object(App\Controllers\Home))
 8 SYSTEMPATH\CodeIgniter.php(355): CodeIgniter\CodeIgniter->handleRequest(null, Object(Config\Cache), false)
 9 SYSTEMPATH\Boot.php(325): CodeIgniter\CodeIgniter->run()
10 SYSTEMPATH\Boot.php(67): CodeIgniter\Boot::runCodeIgniter(Object(CodeIgniter\CodeIgniter))
11 FCPATH\index.php(56): CodeIgniter\Boot::bootWeb(Object(Config\Paths))
12 SYSTEMPATH\rewrite.php(44): require_once('C:\\xampp\\htdocs\\sepatuu\\umkm-sepatu\\umkm-sepatu\\public\\index.php')
CRITICAL - 2024-11-21 13:19:48 --> ErrorException: Undefined variable $barang
[Method: GET, Route: beranda]
in APPPATH\Views\user\halamanUser.php on line 67.
 1 APPPATH\Views\user\halamanUser.php(67): CodeIgniter\Debug\Exceptions->errorHandler(2, 'Undefined variable $barang', 'C:\\xampp\\htdocs\\sepatuu\\umkm-sepatu\\umkm-sepatu\\app\\Views\\user\\halamanUser.php', 67)
 2 SYSTEMPATH\View\View.php(234): include('C:\\xampp\\htdocs\\sepatuu\\umkm-sepatu\\umkm-sepatu\\app\\Views\\user\\halamanUser.php')
 3 SYSTEMPATH\View\View.php(237): CodeIgniter\View\View->CodeIgniter\View\{closure}()
 4 SYSTEMPATH\Common.php(1171): CodeIgniter\View\View->render('user/halamanUser', [], true)
 5 APPPATH\Controllers\Home.php(9): view('user/halamanUser')
 6 SYSTEMPATH\CodeIgniter.php(933): App\Controllers\Home->index()
 7 SYSTEMPATH\CodeIgniter.php(509): CodeIgniter\CodeIgniter->runController(Object(App\Controllers\Home))
 8 SYSTEMPATH\CodeIgniter.php(355): CodeIgniter\CodeIgniter->handleRequest(null, Object(Config\Cache), false)
 9 SYSTEMPATH\Boot.php(325): CodeIgniter\CodeIgniter->run()
10 SYSTEMPATH\Boot.php(67): CodeIgniter\Boot::runCodeIgniter(Object(CodeIgniter\CodeIgniter))
11 FCPATH\index.php(56): CodeIgniter\Boot::bootWeb(Object(Config\Paths))
12 SYSTEMPATH\rewrite.php(44): require_once('C:\\xampp\\htdocs\\sepatuu\\umkm-sepatu\\umkm-sepatu\\public\\index.php')
CRITICAL - 2024-11-21 13:37:44 --> ErrorException: Undefined variable $barang
[Method: GET, Route: beranda]
in APPPATH\Views\user\halamanUser.php on line 67.
 1 APPPATH\Views\user\halamanUser.php(67): CodeIgniter\Debug\Exceptions->errorHandler(2, 'Undefined variable $barang', 'C:\\xampp\\htdocs\\sepatuu\\umkm-sepatu\\umkm-sepatu\\app\\Views\\user\\halamanUser.php', 67)
 2 SYSTEMPATH\View\View.php(234): include('C:\\xampp\\htdocs\\sepatuu\\umkm-sepatu\\umkm-sepatu\\app\\Views\\user\\halamanUser.php')
 3 SYSTEMPATH\View\View.php(237): CodeIgniter\View\View->CodeIgniter\View\{closure}()
 4 SYSTEMPATH\Common.php(1171): CodeIgniter\View\View->render('user/halamanUser', [], true)
 5 APPPATH\Controllers\Home.php(9): view('user/halamanUser')
 6 SYSTEMPATH\CodeIgniter.php(933): App\Controllers\Home->index()
 7 SYSTEMPATH\CodeIgniter.php(509): CodeIgniter\CodeIgniter->runController(Object(App\Controllers\Home))
 8 SYSTEMPATH\CodeIgniter.php(355): CodeIgniter\CodeIgniter->handleRequest(null, Object(Config\Cache), false)
 9 SYSTEMPATH\Boot.php(325): CodeIgniter\CodeIgniter->run()
10 SYSTEMPATH\Boot.php(67): CodeIgniter\Boot::runCodeIgniter(Object(CodeIgniter\CodeIgniter))
11 FCPATH\index.php(56): CodeIgniter\Boot::bootWeb(Object(Config\Paths))
12 SYSTEMPATH\rewrite.php(44): require_once('C:\\xampp\\htdocs\\sepatuu\\umkm-sepatu\\umkm-sepatu\\public\\index.php')
CRITICAL - 2024-11-21 14:06:18 --> ErrorException: Undefined variable $barang
[Method: GET, Route: beranda]
in APPPATH\Views\user\halamanUser.php on line 67.
 1 APPPATH\Views\user\halamanUser.php(67): CodeIgniter\Debug\Exceptions->errorHandler(2, 'Undefined variable $barang', 'C:\\xampp\\htdocs\\sepatuu\\umkm-sepatu\\umkm-sepatu\\app\\Views\\user\\halamanUser.php', 67)
 2 SYSTEMPATH\View\View.php(234): include('C:\\xampp\\htdocs\\sepatuu\\umkm-sepatu\\umkm-sepatu\\app\\Views\\user\\halamanUser.php')
 3 SYSTEMPATH\View\View.php(237): CodeIgniter\View\View->CodeIgniter\View\{closure}()
 4 SYSTEMPATH\Common.php(1171): CodeIgniter\View\View->render('user/halamanUser', [], true)
 5 APPPATH\Controllers\Home.php(9): view('user/halamanUser')
 6 SYSTEMPATH\CodeIgniter.php(933): App\Controllers\Home->index()
 7 SYSTEMPATH\CodeIgniter.php(509): CodeIgniter\CodeIgniter->runController(Object(App\Controllers\Home))
 8 SYSTEMPATH\CodeIgniter.php(355): CodeIgniter\CodeIgniter->handleRequest(null, Object(Config\Cache), false)
 9 SYSTEMPATH\Boot.php(325): CodeIgniter\CodeIgniter->run()
10 SYSTEMPATH\Boot.php(67): CodeIgniter\Boot::runCodeIgniter(Object(CodeIgniter\CodeIgniter))
11 FCPATH\index.php(56): CodeIgniter\Boot::bootWeb(Object(Config\Paths))
12 SYSTEMPATH\rewrite.php(44): require_once('C:\\xampp\\htdocs\\sepatuu\\umkm-sepatu\\umkm-sepatu\\public\\index.php')
CRITICAL - 2024-11-21 14:06:19 --> ErrorException: Undefined variable $barang
[Method: GET, Route: beranda]
in APPPATH\Views\user\halamanUser.php on line 67.
 1 APPPATH\Views\user\halamanUser.php(67): CodeIgniter\Debug\Exceptions->errorHandler(2, 'Undefined variable $barang', 'C:\\xampp\\htdocs\\sepatuu\\umkm-sepatu\\umkm-sepatu\\app\\Views\\user\\halamanUser.php', 67)
 2 SYSTEMPATH\View\View.php(234): include('C:\\xampp\\htdocs\\sepatuu\\umkm-sepatu\\umkm-sepatu\\app\\Views\\user\\halamanUser.php')
 3 SYSTEMPATH\View\View.php(237): CodeIgniter\View\View->CodeIgniter\View\{closure}()
 4 SYSTEMPATH\Common.php(1171): CodeIgniter\View\View->render('user/halamanUser', [], true)
 5 APPPATH\Controllers\Home.php(9): view('user/halamanUser')
 6 SYSTEMPATH\CodeIgniter.php(933): App\Controllers\Home->index()
 7 SYSTEMPATH\CodeIgniter.php(509): CodeIgniter\CodeIgniter->runController(Object(App\Controllers\Home))
 8 SYSTEMPATH\CodeIgniter.php(355): CodeIgniter\CodeIgniter->handleRequest(null, Object(Config\Cache), false)
 9 SYSTEMPATH\Boot.php(325): CodeIgniter\CodeIgniter->run()
10 SYSTEMPATH\Boot.php(67): CodeIgniter\Boot::runCodeIgniter(Object(CodeIgniter\CodeIgniter))
11 FCPATH\index.php(56): CodeIgniter\Boot::bootWeb(Object(Config\Paths))
12 SYSTEMPATH\rewrite.php(44): require_once('C:\\xampp\\htdocs\\sepatuu\\umkm-sepatu\\umkm-sepatu\\public\\index.php')
CRITICAL - 2024-11-21 14:19:36 --> ErrorException: Undefined variable $barang
[Method: GET, Route: beranda]
in APPPATH\Views\user\halamanUser.php on line 67.
 1 APPPATH\Views\user\halamanUser.php(67): CodeIgniter\Debug\Exceptions->errorHandler(2, 'Undefined variable $barang', 'C:\\xampp\\htdocs\\sepatuu\\umkm-sepatu\\umkm-sepatu\\app\\Views\\user\\halamanUser.php', 67)
 2 SYSTEMPATH\View\View.php(234): include('C:\\xampp\\htdocs\\sepatuu\\umkm-sepatu\\umkm-sepatu\\app\\Views\\user\\halamanUser.php')
 3 SYSTEMPATH\View\View.php(237): CodeIgniter\View\View->CodeIgniter\View\{closure}()
 4 SYSTEMPATH\Common.php(1171): CodeIgniter\View\View->render('user/halamanUser', [], true)
 5 APPPATH\Controllers\Home.php(9): view('user/halamanUser')
 6 SYSTEMPATH\CodeIgniter.php(933): App\Controllers\Home->index()
 7 SYSTEMPATH\CodeIgniter.php(509): CodeIgniter\CodeIgniter->runController(Object(App\Controllers\Home))
 8 SYSTEMPATH\CodeIgniter.php(355): CodeIgniter\CodeIgniter->handleRequest(null, Object(Config\Cache), false)
 9 SYSTEMPATH\Boot.php(325): CodeIgniter\CodeIgniter->run()
10 SYSTEMPATH\Boot.php(67): CodeIgniter\Boot::runCodeIgniter(Object(CodeIgniter\CodeIgniter))
11 FCPATH\index.php(56): CodeIgniter\Boot::bootWeb(Object(Config\Paths))
12 SYSTEMPATH\rewrite.php(44): require_once('C:\\xampp\\htdocs\\sepatuu\\umkm-sepatu\\umkm-sepatu\\public\\index.php')
CRITICAL - 2024-11-21 14:19:43 --> ErrorException: Undefined variable $barang
[Method: GET, Route: beranda]
in APPPATH\Views\user\halamanUser.php on line 67.
 1 APPPATH\Views\user\halamanUser.php(67): CodeIgniter\Debug\Exceptions->errorHandler(2, 'Undefined variable $barang', 'C:\\xampp\\htdocs\\sepatuu\\umkm-sepatu\\umkm-sepatu\\app\\Views\\user\\halamanUser.php', 67)
 2 SYSTEMPATH\View\View.php(234): include('C:\\xampp\\htdocs\\sepatuu\\umkm-sepatu\\umkm-sepatu\\app\\Views\\user\\halamanUser.php')
 3 SYSTEMPATH\View\View.php(237): CodeIgniter\View\View->CodeIgniter\View\{closure}()
 4 SYSTEMPATH\Common.php(1171): CodeIgniter\View\View->render('user/halamanUser', [], true)
 5 APPPATH\Controllers\Home.php(9): view('user/halamanUser')
 6 SYSTEMPATH\CodeIgniter.php(933): App\Controllers\Home->index()
 7 SYSTEMPATH\CodeIgniter.php(509): CodeIgniter\CodeIgniter->runController(Object(App\Controllers\Home))
 8 SYSTEMPATH\CodeIgniter.php(355): CodeIgniter\CodeIgniter->handleRequest(null, Object(Config\Cache), false)
 9 SYSTEMPATH\Boot.php(325): CodeIgniter\CodeIgniter->run()
10 SYSTEMPATH\Boot.php(67): CodeIgniter\Boot::runCodeIgniter(Object(CodeIgniter\CodeIgniter))
11 FCPATH\index.php(56): CodeIgniter\Boot::bootWeb(Object(Config\Paths))
12 SYSTEMPATH\rewrite.php(44): require_once('C:\\xampp\\htdocs\\sepatuu\\umkm-sepatu\\umkm-sepatu\\public\\index.php')
CRITICAL - 2024-11-21 14:20:31 --> ErrorException: Undefined variable $barang
[Method: GET, Route: beranda]
in APPPATH\Views\user\halamanUser.php on line 67.
 1 APPPATH\Views\user\halamanUser.php(67): CodeIgniter\Debug\Exceptions->errorHandler(2, 'Undefined variable $barang', 'C:\\xampp\\htdocs\\sepatuu\\umkm-sepatu\\umkm-sepatu\\app\\Views\\user\\halamanUser.php', 67)
 2 SYSTEMPATH\View\View.php(234): include('C:\\xampp\\htdocs\\sepatuu\\umkm-sepatu\\umkm-sepatu\\app\\Views\\user\\halamanUser.php')
 3 SYSTEMPATH\View\View.php(237): CodeIgniter\View\View->CodeIgniter\View\{closure}()
 4 SYSTEMPATH\Common.php(1171): CodeIgniter\View\View->render('user/halamanUser', [], true)
 5 APPPATH\Controllers\Home.php(9): view('user/halamanUser')
 6 SYSTEMPATH\CodeIgniter.php(933): App\Controllers\Home->index()
 7 SYSTEMPATH\CodeIgniter.php(509): CodeIgniter\CodeIgniter->runController(Object(App\Controllers\Home))
 8 SYSTEMPATH\CodeIgniter.php(355): CodeIgniter\CodeIgniter->handleRequest(null, Object(Config\Cache), false)
 9 SYSTEMPATH\Boot.php(325): CodeIgniter\CodeIgniter->run()
10 SYSTEMPATH\Boot.php(67): CodeIgniter\Boot::runCodeIgniter(Object(CodeIgniter\CodeIgniter))
11 FCPATH\index.php(56): CodeIgniter\Boot::bootWeb(Object(Config\Paths))
12 SYSTEMPATH\rewrite.php(44): require_once('C:\\xampp\\htdocs\\sepatuu\\umkm-sepatu\\umkm-sepatu\\public\\index.php')
CRITICAL - 2024-11-21 14:20:32 --> ErrorException: Undefined variable $barang
[Method: GET, Route: beranda]
in APPPATH\Views\user\halamanUser.php on line 67.
 1 APPPATH\Views\user\halamanUser.php(67): CodeIgniter\Debug\Exceptions->errorHandler(2, 'Undefined variable $barang', 'C:\\xampp\\htdocs\\sepatuu\\umkm-sepatu\\umkm-sepatu\\app\\Views\\user\\halamanUser.php', 67)
 2 SYSTEMPATH\View\View.php(234): include('C:\\xampp\\htdocs\\sepatuu\\umkm-sepatu\\umkm-sepatu\\app\\Views\\user\\halamanUser.php')
 3 SYSTEMPATH\View\View.php(237): CodeIgniter\View\View->CodeIgniter\View\{closure}()
 4 SYSTEMPATH\Common.php(1171): CodeIgniter\View\View->render('user/halamanUser', [], true)
 5 APPPATH\Controllers\Home.php(9): view('user/halamanUser')
 6 SYSTEMPATH\CodeIgniter.php(933): App\Controllers\Home->index()
 7 SYSTEMPATH\CodeIgniter.php(509): CodeIgniter\CodeIgniter->runController(Object(App\Controllers\Home))
 8 SYSTEMPATH\CodeIgniter.php(355): CodeIgniter\CodeIgniter->handleRequest(null, Object(Config\Cache), false)
 9 SYSTEMPATH\Boot.php(325): CodeIgniter\CodeIgniter->run()
10 SYSTEMPATH\Boot.php(67): CodeIgniter\Boot::runCodeIgniter(Object(CodeIgniter\CodeIgniter))
11 FCPATH\index.php(56): CodeIgniter\Boot::bootWeb(Object(Config\Paths))
12 SYSTEMPATH\rewrite.php(44): require_once('C:\\xampp\\htdocs\\sepatuu\\umkm-sepatu\\umkm-sepatu\\public\\index.php')
CRITICAL - 2024-11-21 14:20:53 --> ErrorException: Undefined variable $barang
[Method: GET, Route: beranda]
in APPPATH\Views\user\halamanUser.php on line 67.
 1 APPPATH\Views\user\halamanUser.php(67): CodeIgniter\Debug\Exceptions->errorHandler(2, 'Undefined variable $barang', 'C:\\xampp\\htdocs\\sepatuu\\umkm-sepatu\\umkm-sepatu\\app\\Views\\user\\halamanUser.php', 67)
 2 SYSTEMPATH\View\View.php(234): include('C:\\xampp\\htdocs\\sepatuu\\umkm-sepatu\\umkm-sepatu\\app\\Views\\user\\halamanUser.php')
 3 SYSTEMPATH\View\View.php(237): CodeIgniter\View\View->CodeIgniter\View\{closure}()
 4 SYSTEMPATH\Common.php(1171): CodeIgniter\View\View->render('user/halamanUser', [], true)
 5 APPPATH\Controllers\Home.php(9): view('user/halamanUser')
 6 SYSTEMPATH\CodeIgniter.php(933): App\Controllers\Home->index()
 7 SYSTEMPATH\CodeIgniter.php(509): CodeIgniter\CodeIgniter->runController(Object(App\Controllers\Home))
 8 SYSTEMPATH\CodeIgniter.php(355): CodeIgniter\CodeIgniter->handleRequest(null, Object(Config\Cache), false)
 9 SYSTEMPATH\Boot.php(325): CodeIgniter\CodeIgniter->run()
10 SYSTEMPATH\Boot.php(67): CodeIgniter\Boot::runCodeIgniter(Object(CodeIgniter\CodeIgniter))
11 FCPATH\index.php(56): CodeIgniter\Boot::bootWeb(Object(Config\Paths))
12 SYSTEMPATH\rewrite.php(44): require_once('C:\\xampp\\htdocs\\sepatuu\\umkm-sepatu\\umkm-sepatu\\public\\index.php')
